<?xml version="1.0" encoding="UTF-8"?>
<!-- Generated by org.testng.reporters.JUnitReportReporter -->
<testsuite skipped="0" hostname="PC_Darvish" name="Bank.BankTests" tests="3" failures="0" timestamp="2020-08-23T15:07:45 EET" time="13.894" errors="0">
  <testcase name="negativeSecond" time="10.996" classname="Bank.BankTests"/>
  <system-out/>
  <testcase name="negative" time="1.608" classname="Bank.BankTests"/>
  <system-out/>
  <testcase name="positiveTestAuthorization" time="1.290" classname="Bank.BankTests"/>
  <system-out/>
</testsuite> <!-- Bank.BankTests -->
